0 info it worked if it ends with ok
1 verbose cli [ '/Users/nclark/.nvm/versions/node/v5.7.0/bin/node',
1 verbose cli   '/Users/nclark/.nvm/versions/node/v5.7.0/bin/npm',
1 verbose cli   'run',
1 verbose cli   'build' ]
2 info using npm@3.6.0
3 info using node@v5.7.0
4 verbose run-script [ 'prebuild', 'build', 'postbuild' ]
5 info lifecycle rembr-component@1.0.1~prebuild: rembr-component@1.0.1
6 silly lifecycle rembr-component@1.0.1~prebuild: no script for prebuild, continuing
7 info lifecycle rembr-component@1.0.1~build: rembr-component@1.0.1
8 verbose lifecycle rembr-component@1.0.1~build: unsafe-perm in lifecycle true
9 verbose lifecycle rembr-component@1.0.1~build: PATH: /Users/nclark/.nvm/versions/node/v5.7.0/lib/node_modules/npm/bin/node-gyp-bin:/Users/nclark/hackdays/rembr-component/node_modules/.bin:/Users/nclark/.asdf/bin:/Users/nclark/.asdf/shims:/usr/local/opt/mongodb@3.2/bin:/Users/nclark/.rbenv/shims:/Users/nclark/.nvm/versions/node/v5.7.0/bin:/usr/local/bin:/usr/bin:/bin:/usr/sbin:/sbin:/Users/nclark/go/bin
10 verbose lifecycle rembr-component@1.0.1~build: CWD: /Users/nclark/hackdays/rembr-component
11 silly lifecycle rembr-component@1.0.1~build: Args: [ '-c', 'webpack' ]
12 silly lifecycle rembr-component@1.0.1~build: Returned: code: 1  signal: null
13 info lifecycle rembr-component@1.0.1~build: Failed to exec build script
14 verbose stack Error: rembr-component@1.0.1 build: `webpack`
14 verbose stack Exit status 1
14 verbose stack     at EventEmitter.<anonymous> (/Users/nclark/.nvm/versions/node/v5.7.0/lib/node_modules/npm/lib/utils/lifecycle.js:232:16)
14 verbose stack     at emitTwo (events.js:100:13)
14 verbose stack     at EventEmitter.emit (events.js:185:7)
14 verbose stack     at ChildProcess.<anonymous> (/Users/nclark/.nvm/versions/node/v5.7.0/lib/node_modules/npm/lib/utils/spawn.js:24:14)
14 verbose stack     at emitTwo (events.js:100:13)
14 verbose stack     at ChildProcess.emit (events.js:185:7)
14 verbose stack     at maybeClose (internal/child_process.js:827:16)
14 verbose stack     at Process.ChildProcess._handle.onexit (internal/child_process.js:211:5)
15 verbose pkgid rembr-component@1.0.1
16 verbose cwd /Users/nclark/hackdays/rembr-component
17 error Darwin 16.7.0
18 error argv "/Users/nclark/.nvm/versions/node/v5.7.0/bin/node" "/Users/nclark/.nvm/versions/node/v5.7.0/bin/npm" "run" "build"
19 error node v5.7.0
20 error npm  v3.6.0
21 error code ELIFECYCLE
22 error rembr-component@1.0.1 build: `webpack`
22 error Exit status 1
23 error Failed at the rembr-component@1.0.1 build script 'webpack'.
23 error Make sure you have the latest version of node.js and npm installed.
23 error If you do, this is most likely a problem with the rembr-component package,
23 error not with npm itself.
23 error Tell the author that this fails on your system:
23 error     webpack
23 error You can get information on how to open an issue for this project with:
23 error     npm bugs rembr-component
23 error Or if that isn't available, you can get their info via:
23 error     npm owner ls rembr-component
23 error There is likely additional logging output above.
24 verbose exit [ 1, true ]
